# JRE version: OpenJDK Runtime Environment (8.0_242-b01) (build 1.8.0_242-release-1644-b01)
# Java VM: OpenJDK 64-Bit Server VM (25.242-b01 mixed mode windows-amd64 compressed oops)
Heap:
 PSYoungGen      total 392192K, used 143755K [0x00000000d5580000, 0x00000000f7180000, 0x0000000100000000)
  eden space 338432K, 26% used [0x00000000d5580000,0x00000000dad67588,0x00000000ea000000)
  from space 53760K, 99% used [0x00000000ee680000,0x00000000f1afb828,0x00000000f1b00000)
  to   space 72192K, 0% used [0x00000000ea000000,0x00000000ea000000,0x00000000ee680000)
 ParOldGen       total 322560K, used 90399K [0x0000000080000000, 0x0000000093b00000, 0x00000000d5580000)
  object space 322560K, 28% used [0x0000000080000000,0x0000000085847c30,0x0000000093b00000)
 Metaspace       used 96321K, capacity 100838K, committed 101784K, reserved 1136640K
  class space    used 12642K, capacity 13512K, committed 13736K, reserved 1048576K
GC Heap History (10 events):
Event: 531.129 GC heap before
{Heap before GC invocations=18 (full 3):
 PSYoungGen      total 351744K, used 334670K [0x00000000d5580000, 0x00000000eef00000, 0x0000000100000000)
  eden space 312832K, 99% used [0x00000000d5580000,0x00000000e869e258,0x00000000e8700000)
  from space 38912K, 57% used [0x00000000ec900000,0x00000000edeb58e8,0x00000000eef00000)
  to   space 53248K, 0% used [0x00000000e8700000,0x00000000e8700000,0x00000000ebb00000)
 ParOldGen       total 197120K, used 127288K [0x0000000080000000, 0x000000008c080000, 0x00000000d5580000)
  object space 197120K, 64% used [0x0000000080000000,0x0000000087c4e178,0x000000008c080000)
 Metaspace       used 89825K, capacity 94474K, committed 94616K, reserved 1130496K
  class space    used 12086K, capacity 12954K, committed 12968K, reserved 1048576K
Event: 531.174 GC heap after
Heap after GC invocations=18 (full 3):
 PSYoungGen      total 366080K, used 45699K [0x00000000d5580000, 0x00000000f3d00000, 0x0000000100000000)
  eden space 312832K, 0% used [0x00000000d5580000,0x00000000d5580000,0x00000000e8700000)
  from space 53248K, 85% used [0x00000000e8700000,0x00000000eb3a0c98,0x00000000ebb00000)
  to   space 58880K, 0% used [0x00000000f0380000,0x00000000f0380000,0x00000000f3d00000)
 ParOldGen       total 197120K, used 127296K [0x0000000080000000, 0x000000008c080000, 0x00000000d5580000)
  object space 197120K, 64% used [0x0000000080000000,0x0000000087c50178,0x000000008c080000)
 Metaspace       used 89825K, capacity 94474K, committed 94616K, reserved 1130496K
  class space    used 12086K, capacity 12954K, committed 12968K, reserved 1048576K
}
Event: 1977.943 GC heap before
{Heap before GC invocations=19 (full 3):
 PSYoungGen      total 366080K, used 358531K [0x00000000d5580000, 0x00000000f3d00000, 0x0000000100000000)
  eden space 312832K, 100% used [0x00000000d5580000,0x00000000e8700000,0x00000000e8700000)
  from space 53248K, 85% used [0x00000000e8700000,0x00000000eb3a0c98,0x00000000ebb00000)
  to   space 58880K, 0% used [0x00000000f0380000,0x00000000f0380000,0x00000000f3d00000)
 ParOldGen       total 197120K, used 127296K [0x0000000080000000, 0x000000008c080000, 0x00000000d5580000)
  object space 197120K, 64% used [0x0000000080000000,0x0000000087c50178,0x000000008c080000)
 Metaspace       used 90126K, capacity 94802K, committed 94872K, reserved 1130496K
  class space    used 12097K, capacity 12966K, committed 12968K, reserved 1048576K
Event: 1977.991 GC heap after
Heap after GC invocations=19 (full 3):
 PSYoungGen      total 411648K, used 18579K [0x00000000d5580000, 0x00000000f2c80000, 0x0000000100000000)
  eden space 369664K, 0% used [0x00000000d5580000,0x00000000d5580000,0x00000000ebe80000)
  from space 41984K, 44% used [0x00000000f0380000,0x00000000f15a4e30,0x00000000f2c80000)
  to   space 56320K, 0% used [0x00000000ebe80000,0x00000000ebe80000,0x00000000ef580000)
 ParOldGen       total 197120K, used 127304K [0x0000000080000000, 0x000000008c080000, 0x00000000d5580000)
  object space 197120K, 64% used [0x0000000080000000,0x0000000087c52178,0x000000008c080000)
 Metaspace       used 90126K, capacity 94802K, committed 94872K, reserved 1130496K
  class space    used 12097K, capacity 12966K, committed 12968K, reserved 1048576K
}
Event: 2002.878 GC heap before
{Heap before GC invocations=20 (full 3):
 PSYoungGen      total 411648K, used 282799K [0x00000000d5580000, 0x00000000f2c80000, 0x0000000100000000)
  eden space 369664K, 71% used [0x00000000d5580000,0x00000000e57870b0,0x00000000ebe80000)
  from space 41984K, 44% used [0x00000000f0380000,0x00000000f15a4e30,0x00000000f2c80000)
  to   space 56320K, 0% used [0x00000000ebe80000,0x00000000ebe80000,0x00000000ef580000)
 ParOldGen       total 197120K, used 127304K [0x0000000080000000, 0x000000008c080000, 0x00000000d5580000)
  object space 197120K, 64% used [0x0000000080000000,0x0000000087c52178,0x000000008c080000)
 Metaspace       used 93551K, capacity 98506K, committed 98600K, reserved 1134592K
  class space    used 12514K, capacity 13432K, committed 13480K, reserved 1048576K
Event: 2002.943 GC heap after
Heap after GC invocations=20 (full 3):
 PSYoungGen      total 377856K, used 20511K [0x00000000d5580000, 0x00000000f1b00000, 0x0000000100000000)
  eden space 356864K, 0% used [0x00000000d5580000,0x00000000d5580000,0x00000000eb200000)
  from space 20992K, 97% used [0x00000000ebe80000,0x00000000ed287d78,0x00000000ed300000)
  to   space 53760K, 0% used [0x00000000ee680000,0x00000000ee680000,0x00000000f1b00000)
 ParOldGen       total 197120K, used 127312K [0x0000000080000000, 0x000000008c080000, 0x00000000d5580000)
  object space 197120K, 64% used [0x0000000080000000,0x0000000087c54178,0x000000008c080000)
 Metaspace       used 93551K, capacity 98506K, committed 98600K, reserved 1134592K
  class space    used 12514K, capacity 13432K, committed 13480K, reserved 1048576K
}
Event: 2002.943 GC heap before
{Heap before GC invocations=21 (full 4):
 PSYoungGen      total 377856K, used 20511K [0x00000000d5580000, 0x00000000f1b00000, 0x0000000100000000)
  eden space 356864K, 0% used [0x00000000d5580000,0x00000000d5580000,0x00000000eb200000)
  from space 20992K, 97% used [0x00000000ebe80000,0x00000000ed287d78,0x00000000ed300000)
  to   space 53760K, 0% used [0x00000000ee680000,0x00000000ee680000,0x00000000f1b00000)
 ParOldGen       total 197120K, used 127312K [0x0000000080000000, 0x000000008c080000, 0x00000000d5580000)
  object space 197120K, 64% used [0x0000000080000000,0x0000000087c54178,0x000000008c080000)
 Metaspace       used 93551K, capacity 98506K, committed 98600K, reserved 1134592K
  class space    used 12514K, capacity 13432K, committed 13480K, reserved 1048576K
Event: 2003.753 GC heap after
Heap after GC invocations=21 (full 4):
 PSYoungGen      total 377856K, used 0K [0x00000000d5580000, 0x00000000f1b00000, 0x0000000100000000)
  eden space 356864K, 0% used [0x00000000d5580000,0x00000000d5580000,0x00000000eb200000)
  from space 20992K, 0% used [0x00000000ebe80000,0x00000000ebe80000,0x00000000ed300000)
  to   space 53760K, 0% used [0x00000000ee680000,0x00000000ee680000,0x00000000f1b00000)
 ParOldGen       total 322560K, used 63019K [0x0000000080000000, 0x0000000093b00000, 0x00000000d5580000)
  object space 322560K, 19% used [0x0000000080000000,0x0000000083d8aec8,0x0000000093b00000)
 Metaspace       used 93230K, capacity 97596K, committed 98600K, reserved 1134592K
  class space    used 12410K, capacity 13247K, committed 13480K, reserved 1048576K
}
Event: 2018.103 GC heap before
{Heap before GC invocations=22 (full 4):
 PSYoungGen      total 377856K, used 356864K [0x00000000d5580000, 0x00000000f1b00000, 0x0000000100000000)
  eden space 356864K, 100% used [0x00000000d5580000,0x00000000eb200000,0x00000000eb200000)
  from space 20992K, 0% used [0x00000000ebe80000,0x00000000ebe80000,0x00000000ed300000)
  to   space 53760K, 0% used [0x00000000ee680000,0x00000000ee680000,0x00000000f1b00000)
 ParOldGen       total 322560K, used 63019K [0x0000000080000000, 0x0000000093b00000, 0x00000000d5580000)
  object space 322560K, 19% used [0x0000000080000000,0x0000000083d8aec8,0x0000000093b00000)
 Metaspace       used 96313K, capacity 100838K, committed 101784K, reserved 1136640K
  class space    used 12642K, capacity 13512K, committed 13736K, reserved 1048576K
Event: 2018.356 GC heap after
Heap after GC invocations=22 (full 4):
 PSYoungGen      total 392192K, used 53742K [0x00000000d5580000, 0x00000000f7180000, 0x0000000100000000)
  eden space 338432K, 0% used [0x00000000d5580000,0x00000000d5580000,0x00000000ea000000)
  from space 53760K, 99% used [0x00000000ee680000,0x00000000f1afb828,0x00000000f1b00000)
  to   space 72192K, 0% used [0x00000000ea000000,0x00000000ea000000,0x00000000ee680000)
 ParOldGen       total 322560K, used 90399K [0x0000000080000000, 0x0000000093b00000, 0x00000000d5580000)
  object space 322560K, 28% used [0x0000000080000000,0x0000000085847c30,0x0000000093b00000)
 Metaspace       used 96313K, capacity 100838K, committed 101784K, reserved 1136640K
  class space    used 12642K, capacity 13512K, committed 13736K, reserved 1048576K
}

