# JRE version: OpenJDK Runtime Environment (8.0_242-b01) (build 1.8.0_242-release-1644-b01)
# Java VM: OpenJDK 64-Bit Server VM (25.242-b01 mixed mode windows-amd64 compressed oops)
Heap:
 PSYoungGen      total 621568K, used 208789K [0x00000000d5580000, 0x0000000100000000, 0x0000000100000000)
  eden space 545280K, 38% used [0x00000000d5580000,0x00000000e2165790,0x00000000f6a00000)
  from space 76288K, 0% used [0x00000000fb580000,0x00000000fb580000,0x0000000100000000)
  to   space 76800K, 0% used [0x00000000f6a00000,0x00000000f6a00000,0x00000000fb500000)
 ParOldGen       total 284672K, used 60713K [0x0000000080000000, 0x0000000091600000, 0x00000000d5580000)
  object space 284672K, 21% used [0x0000000080000000,0x0000000083b4a480,0x0000000091600000)
 Metaspace       used 98467K, capacity 103024K, committed 104600K, reserved 1140736K
  class space    used 12830K, capacity 13647K, committed 13992K, reserved 1048576K
GC Heap History (10 events):
Event: 104.702 GC heap before
{Heap before GC invocations=28 (full 3):
 PSYoungGen      total 642048K, used 631066K [0x00000000d5580000, 0x0000000100000000, 0x0000000100000000)
  eden space 594432K, 100% used [0x00000000d5580000,0x00000000f9a00000,0x00000000f9a00000)
  from space 47616K, 76% used [0x00000000fd180000,0x00000000ff546880,0x0000000100000000)
  to   space 52224K, 0% used [0x00000000f9a00000,0x00000000f9a00000,0x00000000fcd00000)
 ParOldGen       total 191488K, used 129835K [0x0000000080000000, 0x000000008bb00000, 0x00000000d5580000)
  object space 191488K, 67% used [0x0000000080000000,0x0000000087ecac98,0x000000008bb00000)
 Metaspace       used 81550K, capacity 86016K, committed 86040K, reserved 1124352K
  class space    used 10984K, capacity 11801K, committed 11816K, reserved 1048576K
Event: 104.869 GC heap after
Heap after GC invocations=28 (full 3):
 PSYoungGen      total 646656K, used 52201K [0x00000000d5580000, 0x0000000100000000, 0x0000000100000000)
  eden space 594432K, 0% used [0x00000000d5580000,0x00000000d5580000,0x00000000f9a00000)
  from space 52224K, 99% used [0x00000000f9a00000,0x00000000fccfa668,0x00000000fcd00000)
  to   space 52224K, 0% used [0x00000000fcd00000,0x00000000fcd00000,0x0000000100000000)
 ParOldGen       total 191488K, used 159364K [0x0000000080000000, 0x000000008bb00000, 0x00000000d5580000)
  object space 191488K, 83% used [0x0000000080000000,0x0000000089ba1340,0x000000008bb00000)
 Metaspace       used 81550K, capacity 86016K, committed 86040K, reserved 1124352K
  class space    used 10984K, capacity 11801K, committed 11816K, reserved 1048576K
}
Event: 120.411 GC heap before
{Heap before GC invocations=29 (full 3):
 PSYoungGen      total 646656K, used 646633K [0x00000000d5580000, 0x0000000100000000, 0x0000000100000000)
  eden space 594432K, 100% used [0x00000000d5580000,0x00000000f9a00000,0x00000000f9a00000)
  from space 52224K, 99% used [0x00000000f9a00000,0x00000000fccfa668,0x00000000fcd00000)
  to   space 52224K, 0% used [0x00000000fcd00000,0x00000000fcd00000,0x0000000100000000)
 ParOldGen       total 191488K, used 159364K [0x0000000080000000, 0x000000008bb00000, 0x00000000d5580000)
  object space 191488K, 83% used [0x0000000080000000,0x0000000089ba1340,0x000000008bb00000)
 Metaspace       used 85645K, capacity 90394K, committed 90648K, reserved 1128448K
  class space    used 11588K, capacity 12484K, committed 12584K, reserved 1048576K
Event: 120.530 GC heap after
Heap after GC invocations=29 (full 3):
 PSYoungGen      total 604672K, used 48145K [0x00000000d5580000, 0x0000000100000000, 0x0000000100000000)
  eden space 552448K, 0% used [0x00000000d5580000,0x00000000d5580000,0x00000000f7100000)
  from space 52224K, 92% used [0x00000000fcd00000,0x00000000ffc04778,0x0000000100000000)
  to   space 73216K, 0% used [0x00000000f7100000,0x00000000f7100000,0x00000000fb880000)
 ParOldGen       total 191488K, used 162672K [0x0000000080000000, 0x000000008bb00000, 0x00000000d5580000)
  object space 191488K, 84% used [0x0000000080000000,0x0000000089edc140,0x000000008bb00000)
 Metaspace       used 85645K, capacity 90394K, committed 90648K, reserved 1128448K
  class space    used 11588K, capacity 12484K, committed 12584K, reserved 1048576K
}
Event: 3570.731 GC heap before
{Heap before GC invocations=30 (full 3):
 PSYoungGen      total 604672K, used 600593K [0x00000000d5580000, 0x0000000100000000, 0x0000000100000000)
  eden space 552448K, 100% used [0x00000000d5580000,0x00000000f7100000,0x00000000f7100000)
  from space 52224K, 92% used [0x00000000fcd00000,0x00000000ffc04778,0x0000000100000000)
  to   space 73216K, 0% used [0x00000000f7100000,0x00000000f7100000,0x00000000fb880000)
 ParOldGen       total 191488K, used 162672K [0x0000000080000000, 0x000000008bb00000, 0x00000000d5580000)
  object space 191488K, 84% used [0x0000000080000000,0x0000000089edc140,0x000000008bb00000)
 Metaspace       used 92306K, capacity 97402K, committed 97560K, reserved 1134592K
  class space    used 12086K, capacity 13020K, committed 13096K, reserved 1048576K
Event: 3570.913 GC heap after
Heap after GC invocations=30 (full 3):
 PSYoungGen      total 604160K, used 51475K [0x00000000d5580000, 0x0000000100000000, 0x0000000100000000)
  eden space 552448K, 0% used [0x00000000d5580000,0x00000000d5580000,0x00000000f7100000)
  from space 51712K, 99% used [0x00000000f7100000,0x00000000fa344ea8,0x00000000fa380000)
  to   space 76288K, 0% used [0x00000000fb580000,0x00000000fb580000,0x0000000100000000)
 ParOldGen       total 191488K, used 162680K [0x0000000080000000, 0x000000008bb00000, 0x00000000d5580000)
  object space 191488K, 84% used [0x0000000080000000,0x0000000089ede140,0x000000008bb00000)
 Metaspace       used 92306K, capacity 97402K, committed 97560K, reserved 1134592K
  class space    used 12086K, capacity 13020K, committed 13096K, reserved 1048576K
}
Event: 3578.840 GC heap before
{Heap before GC invocations=31 (full 3):
 PSYoungGen      total 604160K, used 133607K [0x00000000d5580000, 0x0000000100000000, 0x0000000100000000)
  eden space 552448K, 14% used [0x00000000d5580000,0x00000000da5b50f0,0x00000000f7100000)
  from space 51712K, 99% used [0x00000000f7100000,0x00000000fa344ea8,0x00000000fa380000)
  to   space 76288K, 0% used [0x00000000fb580000,0x00000000fb580000,0x0000000100000000)
 ParOldGen       total 191488K, used 162680K [0x0000000080000000, 0x000000008bb00000, 0x00000000d5580000)
  object space 191488K, 84% used [0x0000000080000000,0x0000000089ede140,0x000000008bb00000)
 Metaspace       used 93435K, capacity 98532K, committed 98600K, reserved 1134592K
  class space    used 12232K, capacity 13157K, committed 13224K, reserved 1048576K
Event: 3578.993 GC heap after
Heap after GC invocations=31 (full 3):
 PSYoungGen      total 621568K, used 47569K [0x00000000d5580000, 0x0000000100000000, 0x0000000100000000)
  eden space 545280K, 0% used [0x00000000d5580000,0x00000000d5580000,0x00000000f6a00000)
  from space 76288K, 62% used [0x00000000fb580000,0x00000000fe3f44a0,0x0000000100000000)
  to   space 76800K, 0% used [0x00000000f6a00000,0x00000000f6a00000,0x00000000fb500000)
 ParOldGen       total 191488K, used 162688K [0x0000000080000000, 0x000000008bb00000, 0x00000000d5580000)
  object space 191488K, 84% used [0x0000000080000000,0x0000000089ee0140,0x000000008bb00000)
 Metaspace       used 93435K, capacity 98532K, committed 98600K, reserved 1134592K
  class space    used 12232K, capacity 13157K, committed 13224K, reserved 1048576K
}
Event: 3578.993 GC heap before
{Heap before GC invocations=32 (full 4):
 PSYoungGen      total 621568K, used 47569K [0x00000000d5580000, 0x0000000100000000, 0x0000000100000000)
  eden space 545280K, 0% used [0x00000000d5580000,0x00000000d5580000,0x00000000f6a00000)
  from space 76288K, 62% used [0x00000000fb580000,0x00000000fe3f44a0,0x0000000100000000)
  to   space 76800K, 0% used [0x00000000f6a00000,0x00000000f6a00000,0x00000000fb500000)
 ParOldGen       total 191488K, used 162688K [0x0000000080000000, 0x000000008bb00000, 0x00000000d5580000)
  object space 191488K, 84% used [0x0000000080000000,0x0000000089ee0140,0x000000008bb00000)
 Metaspace       used 93435K, capacity 98532K, committed 98600K, reserved 1134592K
  class space    used 12232K, capacity 13157K, committed 13224K, reserved 1048576K
Event: 3579.602 GC heap after
Heap after GC invocations=32 (full 4):
 PSYoungGen      total 621568K, used 0K [0x00000000d5580000, 0x0000000100000000, 0x0000000100000000)
  eden space 545280K, 0% used [0x00000000d5580000,0x00000000d5580000,0x00000000f6a00000)
  from space 76288K, 0% used [0x00000000fb580000,0x00000000fb580000,0x0000000100000000)
  to   space 76800K, 0% used [0x00000000f6a00000,0x00000000f6a00000,0x00000000fb500000)
 ParOldGen       total 284672K, used 60713K [0x0000000080000000, 0x0000000091600000, 0x00000000d5580000)
  object space 284672K, 21% used [0x0000000080000000,0x0000000083b4a480,0x0000000091600000)
 Metaspace       used 92494K, capacity 96668K, committed 98600K, reserved 1134592K
  class space    used 12032K, capacity 12791K, committed 13224K, reserved 1048576K
}

