# JRE version: OpenJDK Runtime Environment (8.0_242-b01) (build 1.8.0_242-release-1644-b01)
# Java VM: OpenJDK 64-Bit Server VM (25.242-b01 mixed mode windows-amd64 compressed oops)
Heap:
 PSYoungGen      total 389632K, used 264413K [0x00000000d5580000, 0x00000000f2e00000, 0x0000000100000000)
  eden space 347136K, 67% used [0x00000000d5580000,0x00000000e3b31e58,0x00000000ea880000)
  from space 42496K, 68% used [0x00000000ea880000,0x00000000ec505948,0x00000000ed200000)
  to   space 43520K, 0% used [0x00000000f0380000,0x00000000f0380000,0x00000000f2e00000)
 ParOldGen       total 317440K, used 75714K [0x0000000080000000, 0x0000000093600000, 0x00000000d5580000)
  object space 317440K, 23% used [0x0000000080000000,0x00000000849f0bb0,0x0000000093600000)
 Metaspace       used 98461K, capacity 103062K, committed 104064K, reserved 1138688K
  class space    used 12771K, capacity 13664K, committed 13952K, reserved 1048576K
GC Heap History (10 events):
Event: 48.716 GC heap before
{Heap before GC invocations=17 (full 3):
 PSYoungGen      total 280064K, used 270504K [0x00000000d5580000, 0x00000000eb780000, 0x0000000100000000)
  eden space 253952K, 100% used [0x00000000d5580000,0x00000000e4d80000,0x00000000e4d80000)
  from space 26112K, 63% used [0x00000000e4d80000,0x00000000e5daa390,0x00000000e6700000)
  to   space 26112K, 0% used [0x00000000e9e00000,0x00000000e9e00000,0x00000000eb780000)
 ParOldGen       total 201216K, used 46992K [0x0000000080000000, 0x000000008c480000, 0x00000000d5580000)
  object space 201216K, 23% used [0x0000000080000000,0x0000000082de4158,0x000000008c480000)
 Metaspace       used 79460K, capacity 83768K, committed 83840K, reserved 1122304K
  class space    used 10629K, capacity 11377K, committed 11392K, reserved 1048576K
Event: 48.744 GC heap after
Heap after GC invocations=17 (full 3):
 PSYoungGen      total 327680K, used 25312K [0x00000000d5580000, 0x00000000eb700000, 0x0000000100000000)
  eden space 302080K, 0% used [0x00000000d5580000,0x00000000d5580000,0x00000000e7c80000)
  from space 25600K, 98% used [0x00000000e9e00000,0x00000000eb6b8008,0x00000000eb700000)
  to   space 29184K, 0% used [0x00000000e7e00000,0x00000000e7e00000,0x00000000e9a80000)
 ParOldGen       total 201216K, used 47000K [0x0000000080000000, 0x000000008c480000, 0x00000000d5580000)
  object space 201216K, 23% used [0x0000000080000000,0x0000000082de6158,0x000000008c480000)
 Metaspace       used 79460K, capacity 83768K, committed 83840K, reserved 1122304K
  class space    used 10629K, capacity 11377K, committed 11392K, reserved 1048576K
}
Event: 69.279 GC heap before
{Heap before GC invocations=18 (full 3):
 PSYoungGen      total 327680K, used 327392K [0x00000000d5580000, 0x00000000eb700000, 0x0000000100000000)
  eden space 302080K, 100% used [0x00000000d5580000,0x00000000e7c80000,0x00000000e7c80000)
  from space 25600K, 98% used [0x00000000e9e00000,0x00000000eb6b8008,0x00000000eb700000)
  to   space 29184K, 0% used [0x00000000e7e00000,0x00000000e7e00000,0x00000000e9a80000)
 ParOldGen       total 201216K, used 47000K [0x0000000080000000, 0x000000008c480000, 0x00000000d5580000)
  object space 201216K, 23% used [0x0000000080000000,0x0000000082de6158,0x000000008c480000)
 Metaspace       used 88171K, capacity 92756K, committed 92928K, reserved 1130496K
  class space    used 11554K, capacity 12417K, committed 12544K, reserved 1048576K
Event: 69.346 GC heap after
Heap after GC invocations=18 (full 3):
 PSYoungGen      total 332800K, used 29176K [0x00000000d5580000, 0x00000000ef680000, 0x0000000100000000)
  eden space 303616K, 0% used [0x00000000d5580000,0x00000000d5580000,0x00000000e7e00000)
  from space 29184K, 99% used [0x00000000e7e00000,0x00000000e9a7e098,0x00000000e9a80000)
  to   space 37376K, 0% used [0x00000000ed200000,0x00000000ed200000,0x00000000ef680000)
 ParOldGen       total 201216K, used 59159K [0x0000000080000000, 0x000000008c480000, 0x00000000d5580000)
  object space 201216K, 29% used [0x0000000080000000,0x00000000839c5fb0,0x000000008c480000)
 Metaspace       used 88171K, capacity 92756K, committed 92928K, reserved 1130496K
  class space    used 11554K, capacity 12417K, committed 12544K, reserved 1048576K
}
Event: 74.311 GC heap before
{Heap before GC invocations=19 (full 3):
 PSYoungGen      total 332800K, used 283512K [0x00000000d5580000, 0x00000000ef680000, 0x0000000100000000)
  eden space 303616K, 83% used [0x00000000d5580000,0x00000000e4de0208,0x00000000e7e00000)
  from space 29184K, 99% used [0x00000000e7e00000,0x00000000e9a7e098,0x00000000e9a80000)
  to   space 37376K, 0% used [0x00000000ed200000,0x00000000ed200000,0x00000000ef680000)
 ParOldGen       total 201216K, used 59159K [0x0000000080000000, 0x000000008c480000, 0x00000000d5580000)
  object space 201216K, 29% used [0x0000000080000000,0x00000000839c5fb0,0x000000008c480000)
 Metaspace       used 93102K, capacity 98288K, committed 98380K, reserved 1134592K
  class space    used 12246K, capacity 13223K, committed 13312K, reserved 1048576K
Event: 74.480 GC heap after
Heap after GC invocations=19 (full 3):
 PSYoungGen      total 384512K, used 36250K [0x00000000d5580000, 0x00000000f1600000, 0x0000000100000000)
  eden space 347136K, 0% used [0x00000000d5580000,0x00000000d5580000,0x00000000ea880000)
  from space 37376K, 96% used [0x00000000ed200000,0x00000000ef5669f8,0x00000000ef680000)
  to   space 42496K, 0% used [0x00000000ea880000,0x00000000ea880000,0x00000000ed200000)
 ParOldGen       total 201216K, used 69930K [0x0000000080000000, 0x000000008c480000, 0x00000000d5580000)
  object space 201216K, 34% used [0x0000000080000000,0x000000008444a9c8,0x000000008c480000)
 Metaspace       used 93102K, capacity 98288K, committed 98380K, reserved 1134592K
  class space    used 12246K, capacity 13223K, committed 13312K, reserved 1048576K
}
Event: 74.480 GC heap before
{Heap before GC invocations=20 (full 4):
 PSYoungGen      total 384512K, used 36250K [0x00000000d5580000, 0x00000000f1600000, 0x0000000100000000)
  eden space 347136K, 0% used [0x00000000d5580000,0x00000000d5580000,0x00000000ea880000)
  from space 37376K, 96% used [0x00000000ed200000,0x00000000ef5669f8,0x00000000ef680000)
  to   space 42496K, 0% used [0x00000000ea880000,0x00000000ea880000,0x00000000ed200000)
 ParOldGen       total 201216K, used 69930K [0x0000000080000000, 0x000000008c480000, 0x00000000d5580000)
  object space 201216K, 34% used [0x0000000080000000,0x000000008444a9c8,0x000000008c480000)
 Metaspace       used 93102K, capacity 98288K, committed 98380K, reserved 1134592K
  class space    used 12246K, capacity 13223K, committed 13312K, reserved 1048576K
Event: 75.904 GC heap after
Heap after GC invocations=20 (full 4):
 PSYoungGen      total 384512K, used 0K [0x00000000d5580000, 0x00000000f1600000, 0x0000000100000000)
  eden space 347136K, 0% used [0x00000000d5580000,0x00000000d5580000,0x00000000ea880000)
  from space 37376K, 0% used [0x00000000ed200000,0x00000000ed200000,0x00000000ef680000)
  to   space 42496K, 0% used [0x00000000ea880000,0x00000000ea880000,0x00000000ed200000)
 ParOldGen       total 317440K, used 75706K [0x0000000080000000, 0x0000000093600000, 0x00000000d5580000)
  object space 317440K, 23% used [0x0000000080000000,0x00000000849eebb0,0x0000000093600000)
 Metaspace       used 92269K, capacity 95948K, committed 98380K, reserved 1134592K
  class space    used 11971K, capacity 12741K, committed 13312K, reserved 1048576K
}
Event: 84.875 GC heap before
{Heap before GC invocations=21 (full 4):
 PSYoungGen      total 384512K, used 347136K [0x00000000d5580000, 0x00000000f1600000, 0x0000000100000000)
  eden space 347136K, 100% used [0x00000000d5580000,0x00000000ea880000,0x00000000ea880000)
  from space 37376K, 0% used [0x00000000ed200000,0x00000000ed200000,0x00000000ef680000)
  to   space 42496K, 0% used [0x00000000ea880000,0x00000000ea880000,0x00000000ed200000)
 ParOldGen       total 317440K, used 75706K [0x0000000080000000, 0x0000000093600000, 0x00000000d5580000)
  object space 317440K, 23% used [0x0000000080000000,0x00000000849eebb0,0x0000000093600000)
 Metaspace       used 98128K, capacity 102690K, committed 103808K, reserved 1138688K
  class space    used 12739K, capacity 13620K, committed 13952K, reserved 1048576K
Event: 84.948 GC heap after
Heap after GC invocations=21 (full 4):
 PSYoungGen      total 389632K, used 29206K [0x00000000d5580000, 0x00000000f2e00000, 0x0000000100000000)
  eden space 347136K, 0% used [0x00000000d5580000,0x00000000d5580000,0x00000000ea880000)
  from space 42496K, 68% used [0x00000000ea880000,0x00000000ec505948,0x00000000ed200000)
  to   space 43520K, 0% used [0x00000000f0380000,0x00000000f0380000,0x00000000f2e00000)
 ParOldGen       total 317440K, used 75714K [0x0000000080000000, 0x0000000093600000, 0x00000000d5580000)
  object space 317440K, 23% used [0x0000000080000000,0x00000000849f0bb0,0x0000000093600000)
 Metaspace       used 98128K, capacity 102690K, committed 103808K, reserved 1138688K
  class space    used 12739K, capacity 13620K, committed 13952K, reserved 1048576K
}

